<?xml version="1.0" encoding="UTF-8"?>
<!-- Generated by org.testng.reporters.JUnitReportReporter -->
<testsuite skipped="0" hostname="Rupesh1053" name="prototypes.Test1" tests="1" failures="0" timestamp="16 Dec 2018 17:59:50 GMT" time="0.063" errors="0">
  <testcase name="someTest" time="0.063" classname="prototypes.Test1"/>
</testsuite> <!-- prototypes.Test1 -->
