<?xml version="1.0" encoding="UTF-8"?>
<!-- Generated by org.testng.reporters.JUnitReportReporter -->
<testsuite skipped="0" hostname="Rupesh1053" name="prototypes.Dummy" tests="1" failures="0" timestamp="15 Dec 2018 18:31:54 GMT" time="0.036" errors="0">
  <testcase name="someTest" time="0.036" classname="prototypes.Dummy"/>
</testsuite> <!-- prototypes.Dummy -->
